2024-05-27T12:11:22.518Z [31merror[39m: Error connecting to the database: Unknown database 'your_database'
2024-05-27T12:13:08.615Z [31merror[39m: Error adding book: Unknown column 'description' in 'field list'
2024-05-27T12:21:04.325Z [31merror[39m: Error adding book: Data too long for column 'description' at row 1
2024-05-28T09:19:20.136Z [31merror[39m: Error adding book: Data too long for column 'description' at row 1
2024-05-28T09:19:31.858Z [31merror[39m: Error adding book: Data too long for column 'description' at row 1
2024-05-28T09:19:32.929Z [31merror[39m: Error adding book: Data too long for column 'description' at row 1
2024-05-28T09:19:33.306Z [31merror[39m: Error adding book: Data too long for column 'description' at row 1
2024-05-28T09:20:47.382Z [31merror[39m: Error adding book: Data too long for column 'description' at row 1
2024-05-28T09:21:34.092Z [31merror[39m: Error adding book: Data too long for column 'description' at row 1
2024-05-28T12:26:23.533Z [31merror[39m: Error registering user: Unknown column 'hashedPassword' in 'field list'
2024-05-28T12:28:55.216Z [31merror[39m: Error registering user: Field 'password' doesn't have a default value
2024-05-29T06:04:52.252Z [31merror[39m: Error adding book: Data too long for column 'description' at row 1
2024-05-29T06:22:25.041Z [31merror[39m: Error connecting to the database: Unknown database 'your_database'
2024-05-29T11:34:21.334Z [31merror[39m: Error retrieving user data: You have an error in your SQL syntax; check the manual that corresponds to your MySQL server version for the right syntax to use near 'username FROM userinfo WHERE username = 'exampleuser'' at line 1
2024-05-29T11:38:45.780Z [31merror[39m: Error registering user: Column 'username' cannot be null
2024-05-29T11:40:05.594Z [31merror[39m: Error registering user: Column 'username' cannot be null
2024-05-29T14:20:35.903Z [31merror[39m: Error registering user: Data truncated for column 'id' at row 1
2024-05-29T14:21:34.977Z [31merror[39m: Error registering user: Column 'username' cannot be null
2024-05-29T19:32:29.329Z [31merror[39m: Error registering user: Column 'username' cannot be null
2024-06-03T12:07:24.015Z [31merror[39m: Error adding chapters: Table 'userbooks.chapters' doesn't exist
2024-06-03T12:07:44.321Z [31merror[39m: Error adding chapters: Table 'userbooks.chapters' doesn't exist
2024-06-03T12:12:21.726Z [31merror[39m: Error adding chapters: Table 'userbooks.chapters' doesn't exist
2024-06-03T12:15:14.051Z [31merror[39m: Error adding chapters: Table 'userbooks.chapters' doesn't exist
2024-06-04T05:44:42.326Z [31merror[39m: Error updating book: Data too long for column 'description' at row 1
2024-06-04T05:45:07.598Z [31merror[39m: Error updating book: Data too long for column 'description' at row 1
2024-06-04T05:46:52.759Z [31merror[39m: Error updating book: Data too long for column 'description' at row 1
2024-06-05T05:30:16.850Z [31merror[39m: Error registering user: Column 'username' cannot be null
2024-06-07T06:54:13.023Z [31merror[39m: Error fetching books: Can't add new command when connection is in closed state
